{"/Volumes/Externo/Estudo/frontend-challenge/app/components/Main/index.tsx": {"path":"/Volumes/Externo/Estudo/frontend-challenge/app/components/Main/index.tsx","statementMap":{"0":{"start":{"line":3,"column":13},"end":{"line":9,"column":1}},"1":{"start":{"line":4,"column":2},"end":{"line":8,"column":4}}},"fnMap":{"0":{"name":"(anonymous_0)","decl":{"start":{"line":3,"column":13},"end":{"line":3,"column":14}},"loc":{"start":{"line":3,"column":19},"end":{"line":9,"column":1}},"line":3}},"branchMap":{},"s":{"0":1,"1":1},"f":{"0":1},"b":{},"_coverageSchema":"1a1c01bbd47fc00a2c39e90264f33305004495a9","hash":"51eb7a3b19646ea6532a14559fc8c7b2891d0cb6"}
,"/Volumes/Externo/Estudo/frontend-challenge/app/components/Main/styles.ts": {"path":"/Volumes/Externo/Estudo/frontend-challenge/app/components/Main/styles.ts","statementMap":{"0":{"start":{"line":4,"column":25},"end":{"line":9,"column":1}}},"fnMap":{},"branchMap":{},"s":{"0":1},"f":{},"b":{},"_coverageSchema":"1a1c01bbd47fc00a2c39e90264f33305004495a9","hash":"e17af99842f6abb160af21db020875e2ff762503"}
}
